
FileVersion:        1

ResolutionOfTime:   msec

Experiment:         Fetch Task 

BackgroundColor:    0 0 0
TextColor:          255 255 255
TimeCourseColor:    255 255 255
TimeCourseThick:    3
ReferenceFuncColor: 0 0 80
ReferenceFuncThick: 3

NrOfConditions:  3

Win
24
3843	7840
15006	19003
22035	26032
44060	48057
54576	58573
100721	104718
152658	156655
174793	178790
186615	190612
196301	200298
206300	210297
270695	274692
306130	310127
313639	317636
332557	336554
343407	347404
352630	356627
389029	393026
454818	458815
465697	469694
485616	489613
494795	498792
504900	508897
514004	518001


Color: 200 46 23

Lose
19
33200	37197
79069	83066
90796	94793
109397	113394
117989	121986
126210	130207
162524	166521
232708	236705
242402	246399
250914	254911
261899	265896
282144	286141
324198	328195
378343	382340
398400	402397
408609	412606
421288	425285
430116	434113
475787	479784



Color: 238 243 33

Baseline
43
7841	15005
19004	22034
26033	33199
37198	44059
48058	54575
58574	63068
83067	90795
94794	100720
104719	109396
113395	117988
121987	126209
130208	136657
156656	162523
166522	174792
178791	186614
190613	196300
200299	206299
210298	216707
236706	242401
246400	250913
254912	261898
265897	270694
274693	282143
286142	290129
310128	313638
317637	324197
328196	332556
336555	343406
347405	352629
356628	362342
382341	389028
393027	398399
402398	408608
412607	421287
425286	430115
434114	438817
458816	465696
469695	475786
479785	485615
489614	494794
498793	504899
508898	514003
518002	521549


Color: 0 128 0

